<?xml version="1.0" encoding="UTF-8"?>
<testsuites name="jest tests" tests="39" failures="4" errors="0" time="1.489">
  <testsuite name="tests\films.spec.js" errors="0" failures="4" skipped="0" timestamp="2025-11-11T17:40:57" time="0.662" tests="39">
    <testcase classname="Function &quot;getAllDirectors&quot;" name="should be declared" time="0.005">
    </testcase>
    <testcase classname="Function &quot;getAllDirectors&quot;" name="should return an array" time="0">
    </testcase>
    <testcase classname="Function &quot;getAllDirectors&quot;" name="should return a new array, not update the original one" time="0.001">
    </testcase>
    <testcase classname="Function &quot;getAllDirectors&quot;" name="should return a new array with the same length as the original one" time="0.001">
    </testcase>
    <testcase classname="Function &quot;getMoviesFromDirector&quot;" name="should be declared" time="0">
    </testcase>
    <testcase classname="Function &quot;getMoviesFromDirector&quot;" name="should return an array" time="0">
    </testcase>
    <testcase classname="Function &quot;getMoviesFromDirector&quot;" name="should return a new array, not update the original one" time="0.001">
    </testcase>
    <testcase classname="Function &quot;getMoviesFromDirector&quot;" name="should return a new array with the movies from director" time="0">
    </testcase>
    <testcase classname="Function &quot;moviesAverageOfDirector&quot;" name="should be declared" time="0">
    </testcase>
    <testcase classname="Function &quot;moviesAverageOfDirector&quot;" name="should return a number" time="0">
    </testcase>
    <testcase classname="Function &quot;moviesAverageOfDirector&quot;" name="should be different from NaN" time="0.001">
    </testcase>
    <testcase classname="Function &quot;moviesAverageOfDirector&quot;" name=" should return the average score of movies selecting only the director films. With 2 decimals! " time="0">
    </testcase>
    <testcase classname="Function &quot;orderAlphabetically&quot;" name="should be declared" time="0">
    </testcase>
    <testcase classname="Function &quot;orderAlphabetically&quot;" name="should return an array" time="0">
    </testcase>
    <testcase classname="Function &quot;orderAlphabetically&quot;" name="should not mutate the original array" time="0.007">
    </testcase>
    <testcase classname="Function &quot;orderAlphabetically&quot;" name="should only return the title of the movies, each value should be a string" time="0.001">
    </testcase>
    <testcase classname="Function &quot;orderAlphabetically&quot;" name="should return all of items when the array passed has fewer than 20 items" time="0">
    </testcase>
    <testcase classname="Function &quot;orderAlphabetically&quot;" name="should order them alphabetically." time="0">
    </testcase>
    <testcase classname="Function &quot;orderAlphabetically&quot;" name="should return the top 20 after ordering them alphabetically." time="0">
    </testcase>
    <testcase classname="Function &quot;orderByYear&quot;" name="should be declared" time="0">
    </testcase>
    <testcase classname="Function &quot;orderByYear&quot;" name="should return an array" time="0.001">
    </testcase>
    <testcase classname="Function &quot;orderByYear&quot;" name="should return a new array" time="0">
    </testcase>
    <testcase classname="Function &quot;orderByYear&quot;" name="should return the element in a single element array" time="0">
    </testcase>
    <testcase classname="Function &quot;orderByYear&quot;" name="should return the new array in ascending order" time="0">
    </testcase>
    <testcase classname="Function &quot;orderByYear&quot;" name="should order movies with the same year by their title, alphabetically" time="0">
    </testcase>
    <testcase classname="Function &quot;moviesAverageByCategory&quot;" name="should be declared" time="0">
    </testcase>
    <testcase classname="Function &quot;moviesAverageByCategory&quot;" name="should return a number" time="0.001">
    </testcase>
    <testcase classname="Function &quot;moviesAverageByCategory&quot;" name="should be different from NaN" time="0">
    </testcase>
    <testcase classname="Function &quot;hoursToMinutes&quot;" name="should be declared" time="0">
    </testcase>
    <testcase classname="Function &quot;hoursToMinutes&quot;" name="should return an array" time="0">
    </testcase>
    <testcase classname="Function &quot;hoursToMinutes&quot;" name="should return a new array, not update the original one" time="0.001">
    </testcase>
    <testcase classname="Function &quot;hoursToMinutes&quot;" name="should return an array of movies with duration as a number" time="0.002">
      <failure>Error: expect(received).toBe(expected) // Object.is equality

Expected: &quot;number&quot;
Received: &quot;string&quot;
    at Object.toBe (D:\DEV\Front_end\sprint-3\tests\films.spec.js:324:55)
    at Promise.then.completed (D:\DEV\Front_end\sprint-3\node_modules\jest-circus\build\utils.js:298:28)
    at new Promise (&lt;anonymous&gt;)
    at callAsyncCircusFn (D:\DEV\Front_end\sprint-3\node_modules\jest-circus\build\utils.js:231:10)
    at _callCircusTest (D:\DEV\Front_end\sprint-3\node_modules\jest-circus\build\run.js:316:40)
    at _runTest (D:\DEV\Front_end\sprint-3\node_modules\jest-circus\build\run.js:252:3)
    at _runTestsForDescribeBlock (D:\DEV\Front_end\sprint-3\node_modules\jest-circus\build\run.js:126:9)
    at _runTestsForDescribeBlock (D:\DEV\Front_end\sprint-3\node_modules\jest-circus\build\run.js:121:9)
    at run (D:\DEV\Front_end\sprint-3\node_modules\jest-circus\build\run.js:71:3)
    at runAndTransformResultsToJestFormat (D:\DEV\Front_end\sprint-3\node_modules\jest-circus\build\legacy-code-todo-rewrite\jestAdapterInit.js:122:21)
    at jestAdapter (D:\DEV\Front_end\sprint-3\node_modules\jest-circus\build\legacy-code-todo-rewrite\jestAdapter.js:79:19)
    at runTestInternal (D:\DEV\Front_end\sprint-3\node_modules\jest-runner\build\runTest.js:367:16)
    at runTest (D:\DEV\Front_end\sprint-3\node_modules\jest-runner\build\runTest.js:444:34)
    at Object.worker (D:\DEV\Front_end\sprint-3\node_modules\jest-runner\build\testWorker.js:108:12)</failure>
    </testcase>
    <testcase classname="Function &quot;hoursToMinutes&quot;" name="should return an array of movies with the correct duration for a 31 minute movie" time="0.001">
      <failure>Error: expect(received).toBe(expected) // Object.is equality

Expected: 31
Received: &quot;31 min&quot;
    at Object.toBe (D:\DEV\Front_end\sprint-3\tests\films.spec.js:329:50)
    at Promise.then.completed (D:\DEV\Front_end\sprint-3\node_modules\jest-circus\build\utils.js:298:28)
    at new Promise (&lt;anonymous&gt;)
    at callAsyncCircusFn (D:\DEV\Front_end\sprint-3\node_modules\jest-circus\build\utils.js:231:10)
    at _callCircusTest (D:\DEV\Front_end\sprint-3\node_modules\jest-circus\build\run.js:316:40)
    at _runTest (D:\DEV\Front_end\sprint-3\node_modules\jest-circus\build\run.js:252:3)
    at _runTestsForDescribeBlock (D:\DEV\Front_end\sprint-3\node_modules\jest-circus\build\run.js:126:9)
    at _runTestsForDescribeBlock (D:\DEV\Front_end\sprint-3\node_modules\jest-circus\build\run.js:121:9)
    at run (D:\DEV\Front_end\sprint-3\node_modules\jest-circus\build\run.js:71:3)
    at runAndTransformResultsToJestFormat (D:\DEV\Front_end\sprint-3\node_modules\jest-circus\build\legacy-code-todo-rewrite\jestAdapterInit.js:122:21)
    at jestAdapter (D:\DEV\Front_end\sprint-3\node_modules\jest-circus\build\legacy-code-todo-rewrite\jestAdapter.js:79:19)
    at runTestInternal (D:\DEV\Front_end\sprint-3\node_modules\jest-runner\build\runTest.js:367:16)
    at runTest (D:\DEV\Front_end\sprint-3\node_modules\jest-runner\build\runTest.js:444:34)
    at Object.worker (D:\DEV\Front_end\sprint-3\node_modules\jest-runner\build\testWorker.js:108:12)</failure>
    </testcase>
    <testcase classname="Function &quot;hoursToMinutes&quot;" name="should return an array of movies with the correct duration for a 341 minute movie" time="0.001">
      <failure>Error: expect(received).toBe(expected) // Object.is equality

Expected: 341
Received: &quot;341 min&quot;
    at Object.toBe (D:\DEV\Front_end\sprint-3\tests\films.spec.js:334:50)
    at Promise.then.completed (D:\DEV\Front_end\sprint-3\node_modules\jest-circus\build\utils.js:298:28)
    at new Promise (&lt;anonymous&gt;)
    at callAsyncCircusFn (D:\DEV\Front_end\sprint-3\node_modules\jest-circus\build\utils.js:231:10)
    at _callCircusTest (D:\DEV\Front_end\sprint-3\node_modules\jest-circus\build\run.js:316:40)
    at _runTest (D:\DEV\Front_end\sprint-3\node_modules\jest-circus\build\run.js:252:3)
    at _runTestsForDescribeBlock (D:\DEV\Front_end\sprint-3\node_modules\jest-circus\build\run.js:126:9)
    at _runTestsForDescribeBlock (D:\DEV\Front_end\sprint-3\node_modules\jest-circus\build\run.js:121:9)
    at run (D:\DEV\Front_end\sprint-3\node_modules\jest-circus\build\run.js:71:3)
    at runAndTransformResultsToJestFormat (D:\DEV\Front_end\sprint-3\node_modules\jest-circus\build\legacy-code-todo-rewrite\jestAdapterInit.js:122:21)
    at jestAdapter (D:\DEV\Front_end\sprint-3\node_modules\jest-circus\build\legacy-code-todo-rewrite\jestAdapter.js:79:19)
    at runTestInternal (D:\DEV\Front_end\sprint-3\node_modules\jest-runner\build\runTest.js:367:16)
    at runTest (D:\DEV\Front_end\sprint-3\node_modules\jest-runner\build\runTest.js:444:34)
    at Object.worker (D:\DEV\Front_end\sprint-3\node_modules\jest-runner\build\testWorker.js:108:12)</failure>
    </testcase>
    <testcase classname="Function &quot;hoursToMinutes&quot;" name="should return an array of movies with the correct duration for a 2 hour movie" time="0">
      <failure>Error: expect(received).toBe(expected) // Object.is equality

Expected: 120
Received: &quot;120 min&quot;
    at Object.toBe (D:\DEV\Front_end\sprint-3\tests\films.spec.js:339:50)
    at Promise.then.completed (D:\DEV\Front_end\sprint-3\node_modules\jest-circus\build\utils.js:298:28)
    at new Promise (&lt;anonymous&gt;)
    at callAsyncCircusFn (D:\DEV\Front_end\sprint-3\node_modules\jest-circus\build\utils.js:231:10)
    at _callCircusTest (D:\DEV\Front_end\sprint-3\node_modules\jest-circus\build\run.js:316:40)
    at _runTest (D:\DEV\Front_end\sprint-3\node_modules\jest-circus\build\run.js:252:3)
    at _runTestsForDescribeBlock (D:\DEV\Front_end\sprint-3\node_modules\jest-circus\build\run.js:126:9)
    at _runTestsForDescribeBlock (D:\DEV\Front_end\sprint-3\node_modules\jest-circus\build\run.js:121:9)
    at run (D:\DEV\Front_end\sprint-3\node_modules\jest-circus\build\run.js:71:3)
    at runAndTransformResultsToJestFormat (D:\DEV\Front_end\sprint-3\node_modules\jest-circus\build\legacy-code-todo-rewrite\jestAdapterInit.js:122:21)
    at jestAdapter (D:\DEV\Front_end\sprint-3\node_modules\jest-circus\build\legacy-code-todo-rewrite\jestAdapter.js:79:19)
    at runTestInternal (D:\DEV\Front_end\sprint-3\node_modules\jest-runner\build\runTest.js:367:16)
    at runTest (D:\DEV\Front_end\sprint-3\node_modules\jest-runner\build\runTest.js:444:34)
    at Object.worker (D:\DEV\Front_end\sprint-3\node_modules\jest-runner\build\testWorker.js:108:12)</failure>
    </testcase>
    <testcase classname="Function &quot;bestFilmOfYear&quot;" name="should be declared" time="0">
    </testcase>
    <testcase classname="Function &quot;bestFilmOfYear&quot;" name="should return an array" time="0.001">
    </testcase>
    <testcase classname="Function &quot;bestFilmOfYear&quot;" name="should return a new array, not update the original one" time="0">
    </testcase>
    <testcase classname="Function &quot;bestFilmOfYear&quot;" name="should return the best film of a year, searching in an array" time="0">
    </testcase>
  </testsuite>
</testsuites>